<?xml version="1.0" encoding="UTF-8"?>
<testng-results ignored="0" total="1" passed="1" failed="0" skipped="0">
  <reporter-output>
  </reporter-output>
  <suite started-at="2022-09-14T09:41:31 IST" name="Default suite" finished-at="2022-09-14T09:41:37 IST" duration-ms="5290">
    <groups>
    </groups>
    <test started-at="2022-09-14T09:41:31 IST" name="Default test" finished-at="2022-09-14T09:41:37 IST" duration-ms="5290">
      <class name="DemoTest.Test1.TestNGDemo">
        <test-method signature="verifyPageTitle()[pri:0, instance:DemoTest.Test1.TestNGDemo@12468a38]" started-at="2022-09-14T09:41:31 IST" name="verifyPageTitle" finished-at="2022-09-14T09:41:37 IST" duration-ms="5250" status="PASS">
          <reporter-output>
          </reporter-output>
        </test-method> <!-- verifyPageTitle -->
      </class> <!-- DemoTest.Test1.TestNGDemo -->
    </test> <!-- Default test -->
  </suite> <!-- Default suite -->
</testng-results>
